<?xml version="1.0" encoding="UTF-8"?>
<testng-results skipped="0" failed="0" ignored="0" total="1" passed="1">
  <reporter-output>
  </reporter-output>
  <suite name="Suite" duration-ms="26955" started-at="2018-06-23T06:07:01Z" finished-at="2018-06-23T06:07:28Z">
    <groups>
    </groups>
    <test name="Test" duration-ms="26955" started-at="2018-06-23T06:07:01Z" finished-at="2018-06-23T06:07:28Z">
      <class name="samplegittest.SampleGitTest">
        <test-method status="PASS" signature="loginTest()[pri:0, instance:samplegittest.SampleGitTest@c818063]" name="loginTest" duration-ms="26884" started-at="2018-06-23T11:37:01Z" finished-at="2018-06-23T11:37:28Z">
          <reporter-output>
          </reporter-output>
        </test-method> <!-- loginTest -->
      </class> <!-- samplegittest.SampleGitTest -->
    </test> <!-- Test -->
  </suite> <!-- Suite -->
</testng-results>
